TeachCooking/app/build/outputs/logs/manifest-merger-debug-report.txt
-- Merging decision tree log ---
manifest
ADDED from src\main\AndroidManifest.xml:2:1-180:12
	package
		ADDED from src\main\AndroidManifest.xml:3:5-39
		INJECTED from src\main\AndroidManifest.xml
		INJECTED from src\main\AndroidManifest.xml
	android:versionName
		ADDED from src\main\AndroidManifest.xml:5:5-30
		INJECTED from src\main\AndroidManifest.xml
		INJECTED from src\main\AndroidManifest.xml
	android:versionCode
		ADDED from src\main\AndroidManifest.xml:4:5-28
		INJECTED from src\main\AndroidManifest.xml
		INJECTED from src\main\AndroidManifest.xml
	xmlns:android
		ADDED from src\main\AndroidManifest.xml:2:11-69
uses-sdk
ADDED from src\main\AndroidManifest.xml:7:5-9:41
	android:targetSdkVersion
		ADDED from src\main\AndroidManifest.xml:9:9-38
		INJECTED from src\main\AndroidManifest.xml
		INJECTED from src\main\AndroidManifest.xml
	android:minSdkVersion
		ADDED from src\main\AndroidManifest.xml:8:9-35
		INJECTED from src\main\AndroidManifest.xml
		INJECTED from src\main\AndroidManifest.xml
uses-permission#android.permission.MANAGE_ACCOUNTS
ADDED from src\main\AndroidManifest.xml:11:5-74
	android:name
		ADDED from src\main\AndroidManifest.xml:11:22-71
uses-permission#android.permission.GET_ACCOUNTS
ADDED from src\main\AndroidManifest.xml:12:5-71
	android:name
		ADDED from src\main\AndroidManifest.xml:12:22-68
uses-permission#android.permission.READ_EXTERNAL_STORAGE
ADDED from src\main\AndroidManifest.xml:13:5-80
	android:name
		ADDED from src\main\AndroidManifest.xml:13:22-77
uses-permission#android.permission.READ_CONTACTS
ADDED from src\main\AndroidManifest.xml:14:5-72
	android:name
		ADDED from src\main\AndroidManifest.xml:14:22-69
uses-permission#android.permission.READ_PHONE_STATE
ADDED from src\main\AndroidManifest.xml:15:5-75
	android:name
		ADDED from src\main\AndroidManifest.xml:15:22-72
uses-permission#android.permission.WRITE_EXTERNAL_STORAGE
ADDED from src\main\AndroidManifest.xml:17:5-81
	android:name
		ADDED from src\main\AndroidManifest.xml:17:22-78
uses-permission#android.permission.ACCESS_NETWORK_STATE
ADDED from src\main\AndroidManifest.xml:19:5-79
	android:name
		ADDED from src\main\AndroidManifest.xml:19:22-76
uses-permission#android.permission.ACCESS_WIFI_STATE
ADDED from src\main\AndroidManifest.xml:21:5-76
	android:name
		ADDED from src\main\AndroidManifest.xml:21:22-73
uses-permission#android.permission.INTERNET
ADDED from src\main\AndroidManifest.xml:23:5-67
	android:name
		ADDED from src\main\AndroidManifest.xml:23:22-64
uses-permission#android.permission.RECEIVE_SMS
ADDED from src\main\AndroidManifest.xml:24:5-70
	android:name
		ADDED from src\main\AndroidManifest.xml:24:22-67
uses-permission#android.permission.GET_TASKS
ADDED from src\main\AndroidManifest.xml:25:5-68
	android:name
		ADDED from src\main\AndroidManifest.xml:25:22-65
uses-permission#android.permission.ACCESS_FINE_LOCATION
ADDED from src\main\AndroidManifest.xml:26:5-79
	android:name
		ADDED from src\main\AndroidManifest.xml:26:22-76
uses-permission#android.permission.READ_LOGS
ADDED from src\main\AndroidManifest.xml:27:5-68
	android:name
		ADDED from src\main\AndroidManifest.xml:27:22-65
uses-permission#android.permission.ACCESS_COARSE_LOCATION
ADDED from src\main\AndroidManifest.xml:29:5-81
	android:name
		ADDED from src\main\AndroidManifest.xml:29:22-78
uses-permission#android.permission.CHANGE_WIFI_STATE
ADDED from src\main\AndroidManifest.xml:33:5-76
	android:name
		ADDED from src\main\AndroidManifest.xml:33:22-73
uses-permission#android.permission.MOUNT_UNMOUNT_FILESYSTEMS
ADDED from src\main\AndroidManifest.xml:35:5-84
	android:name
		ADDED from src\main\AndroidManifest.xml:35:22-81
uses-permission#android.permission.BLUETOOTH
ADDED from src\main\AndroidManifest.xml:37:5-68
	android:name
		ADDED from src\main\AndroidManifest.xml:37:22-65
uses-permission#android.permission.BLUETOOTH_ADMIN
ADDED from src\main\AndroidManifest.xml:38:5-74
	android:name
		ADDED from src\main\AndroidManifest.xml:38:22-71
application
ADDED from src\main\AndroidManifest.xml:40:5-178:19
	android:label
		ADDED from src\main\AndroidManifest.xml:44:9-41
	android:allowBackup
		ADDED from src\main\AndroidManifest.xml:42:9-35
	android:icon
		ADDED from src\main\AndroidManifest.xml:43:9-45
	android:theme
		ADDED from src\main\AndroidManifest.xml:45:9-40
	android:name
		ADDED from src\main\AndroidManifest.xml:41:9-62
meta-data#com.thinkland.juheapi.openid
ADDED from src\main\AndroidManifest.xml:46:9-48:66
	android:value
		ADDED from src\main\AndroidManifest.xml:48:13-63
	android:name
		ADDED from src\main\AndroidManifest.xml:47:13-56
meta-data#com.baidu.lbsapi.API_KEY
ADDED from src\main\AndroidManifest.xml:49:9-51:56
	android:value
		ADDED from src\main\AndroidManifest.xml:51:13-53
	android:name
		ADDED from src\main\AndroidManifest.xml:50:13-52
activity#com.example.teachcooking.MenuActivity
ADDED from src\main\AndroidManifest.xml:53:9-57:20
	android:label
		ADDED from src\main\AndroidManifest.xml:55:13-45
	android:windowSoftInputMode
		ADDED from src\main\AndroidManifest.xml:56:13-64
	android:name
		ADDED from src\main\AndroidManifest.xml:54:13-65
activity#com.example.teachcooking.LogoActivity
ADDED from src\main\AndroidManifest.xml:58:9-66:20
	android:launchMode
		ADDED from src\main\AndroidManifest.xml:60:13-48
	android:name
		ADDED from src\main\AndroidManifest.xml:59:13-65
intent-filter#android.intent.action.MAIN+android.intent.category.LAUNCHER
ADDED from src\main\AndroidManifest.xml:61:13-65:29
action#android.intent.action.MAIN
ADDED from src\main\AndroidManifest.xml:62:17-69
	android:name
		ADDED from src\main\AndroidManifest.xml:62:25-66
category#android.intent.category.LAUNCHER
ADDED from src\main\AndroidManifest.xml:64:17-77
	android:name
		ADDED from src\main\AndroidManifest.xml:64:27-74
activity#com.example.teachcooking.LoginActivity
ADDED from src\main\AndroidManifest.xml:67:9-70:20
	android:launchMode
		ADDED from src\main\AndroidManifest.xml:69:13-48
	android:name
		ADDED from src\main\AndroidManifest.xml:68:13-66
activity#com.example.teachcooking.RegiestcompleteActivity
ADDED from src\main\AndroidManifest.xml:71:9-74:20
	android:launchMode
		ADDED from src\main\AndroidManifest.xml:73:13-48
	android:name
		ADDED from src\main\AndroidManifest.xml:72:13-76
activity#com.example.teachcooking.UsuerActivity
ADDED from src\main\AndroidManifest.xml:75:9-78:20
	android:launchMode
		ADDED from src\main\AndroidManifest.xml:77:13-48
	android:name
		ADDED from src\main\AndroidManifest.xml:76:13-66
activity#com.example.teachcooking.SettingActivity
ADDED from src\main\AndroidManifest.xml:79:9-82:20
	android:launchMode
		ADDED from src\main\AndroidManifest.xml:81:13-48
	android:name
		ADDED from src\main\AndroidManifest.xml:80:13-68
activity#com.example.teachcooking.EditUsuerInfoActivity
ADDED from src\main\AndroidManifest.xml:83:9-86:20
	android:launchMode
		ADDED from src\main\AndroidManifest.xml:85:13-48
	android:name
		ADDED from src\main\AndroidManifest.xml:84:13-74
activity#com.example.teachcooking.RestaurantDetailActivity
ADDED from src\main\AndroidManifest.xml:87:9-90:20
	android:launchMode
		ADDED from src\main\AndroidManifest.xml:89:13-48
	android:name
		ADDED from src\main\AndroidManifest.xml:88:13-77
activity#com.example.teachcooking.PublishCookbookActivity
ADDED from src\main\AndroidManifest.xml:91:9-94:20
	android:launchMode
		ADDED from src\main\AndroidManifest.xml:93:13-48
	android:name
		ADDED from src\main\AndroidManifest.xml:92:13-76
activity#com.example.teachcooking.TeachDetailActivity
ADDED from src\main\AndroidManifest.xml:95:9-98:20
	android:launchMode
		ADDED from src\main\AndroidManifest.xml:97:13-48
	android:name
		ADDED from src\main\AndroidManifest.xml:96:13-72
activity#com.example.teachcooking.AllCookCategoryActivity
ADDED from src\main\AndroidManifest.xml:99:9-102:20
	android:launchMode
		ADDED from src\main\AndroidManifest.xml:101:13-48
	android:name
		ADDED from src\main\AndroidManifest.xml:100:13-76
activity#com.example.teachcooking.CookListActivity
ADDED from src\main\AndroidManifest.xml:103:9-106:20
	android:launchMode
		ADDED from src\main\AndroidManifest.xml:105:13-48
	android:name
		ADDED from src\main\AndroidManifest.xml:104:13-69
activity#com.example.teachcooking.CookStepPagerActivity
ADDED from src\main\AndroidManifest.xml:107:9-110:20
	android:launchMode
		ADDED from src\main\AndroidManifest.xml:109:13-48
	android:name
		ADDED from src\main\AndroidManifest.xml:108:13-74
activity#com.example.teachcooking.CookDetailsActivity
ADDED from src\main\AndroidManifest.xml:111:9-114:20
	android:launchMode
		ADDED from src\main\AndroidManifest.xml:113:13-48
	android:name
		ADDED from src\main\AndroidManifest.xml:112:13-72
activity#com.example.teachcooking.UserDetailActivity
ADDED from src\main\AndroidManifest.xml:115:9-118:20
	android:launchMode
		ADDED from src\main\AndroidManifest.xml:117:13-48
	android:name
		ADDED from src\main\AndroidManifest.xml:116:13-71
activity#com.example.teachcooking.ManageAccountActivity
ADDED from src\main\AndroidManifest.xml:119:9-122:20
	android:launchMode
		ADDED from src\main\AndroidManifest.xml:121:13-48
	android:name
		ADDED from src\main\AndroidManifest.xml:120:13-74
activity#com.example.teachcooking.AboutActivity
ADDED from src\main\AndroidManifest.xml:123:9-126:20
	android:launchMode
		ADDED from src\main\AndroidManifest.xml:125:13-48
	android:name
		ADDED from src\main\AndroidManifest.xml:124:13-66
activity#com.example.teachcooking.EditPublishCookbookActivity
ADDED from src\main\AndroidManifest.xml:127:9-130:20
	android:launchMode
		ADDED from src\main\AndroidManifest.xml:129:13-48
	android:name
		ADDED from src\main\AndroidManifest.xml:128:13-80
activity#com.example.teachcooking.CollectActivity
ADDED from src\main\AndroidManifest.xml:131:9-134:20
	android:launchMode
		ADDED from src\main\AndroidManifest.xml:133:13-48
	android:name
		ADDED from src\main\AndroidManifest.xml:132:13-68
activity#com.example.teachcooking.ChangePasswordActivity
ADDED from src\main\AndroidManifest.xml:135:9-138:20
	android:launchMode
		ADDED from src\main\AndroidManifest.xml:137:13-48
	android:name
		ADDED from src\main\AndroidManifest.xml:136:13-75
activity#com.example.teachcooking.HelpActivity
ADDED from src\main\AndroidManifest.xml:139:9-142:20
	android:launchMode
		ADDED from src\main\AndroidManifest.xml:141:13-48
	android:name
		ADDED from src\main\AndroidManifest.xml:140:13-65
service#com.baidu.location.f
ADDED from src\main\AndroidManifest.xml:144:9-148:19
	android:enabled
		ADDED from src\main\AndroidManifest.xml:146:13-35
	android:process
		ADDED from src\main\AndroidManifest.xml:147:13-38
	android:name
		ADDED from src\main\AndroidManifest.xml:145:13-48
activity#com.mob.tools.MobUIShell
ADDED from src\main\AndroidManifest.xml:150:9-170:20
	android:screenOrientation
		ADDED from src\main\AndroidManifest.xml:153:13-49
	android:windowSoftInputMode
		ADDED from src\main\AndroidManifest.xml:155:13-67
	android:configChanges
		ADDED from src\main\AndroidManifest.xml:152:13-74
	android:theme
		ADDED from src\main\AndroidManifest.xml:154:13-72
	android:name
		ADDED from src\main\AndroidManifest.xml:151:13-52
intent-filter#android.intent.action.VIEW+android.intent.category.BROWSABLE+android.intent.category.DEFAULT
ADDED from src\main\AndroidManifest.xml:156:13-163:29
data
ADDED from src\main\AndroidManifest.xml:157:17-60
	android:scheme
		ADDED from src\main\AndroidManifest.xml:157:23-57
action#android.intent.action.VIEW
ADDED from src\main\AndroidManifest.xml:159:17-69
	android:name
		ADDED from src\main\AndroidManifest.xml:159:25-66
category#android.intent.category.BROWSABLE
ADDED from src\main\AndroidManifest.xml:161:17-78
	android:name
		ADDED from src\main\AndroidManifest.xml:161:27-75
category#android.intent.category.DEFAULT
ADDED from src\main\AndroidManifest.xml:162:17-76
	android:name
		ADDED from src\main\AndroidManifest.xml:162:27-73
intent-filter#android.intent.category.DEFAULT+com.sina.weibo.sdk.action.ACTION_SDK_REQ_ACTIVITY
ADDED from src\main\AndroidManifest.xml:165:13-169:29
action#com.sina.weibo.sdk.action.ACTION_SDK_REQ_ACTIVITY
ADDED from src\main\AndroidManifest.xml:166:17-92
	android:name
		ADDED from src\main\AndroidManifest.xml:166:25-89
activity#com.example.teachcooking.wxapi.WXEntryActivity
ADDED from src\main\AndroidManifest.xml:172:9-177:75
	android:screenOrientation
		ADDED from src\main\AndroidManifest.xml:176:13-49
	android:exported
		ADDED from src\main\AndroidManifest.xml:175:13-36
	android:configChanges
		ADDED from src\main\AndroidManifest.xml:174:13-74
	android:theme
		ADDED from src\main\AndroidManifest.xml:177:13-72
	android:name
		ADDED from src\main\AndroidManifest.xml:173:13-74